therion 6.3.4 (2025-04-08)
  - using Proj 9.5.1, compiled against 9.5.1
initialization file: C:\Program Files\Therion/therion.ini
reading ... done
configuration file: Gouffre_Chimelle.thconfig
reading ... done
reading source files ... done
preprocessing database ... done
output coordinate system: UTM32
meridian convergence (deg): 1.66
geomag declinations (deg):
  2021.1.1  2.414
  2022.1.1  2.547
scanning centreline tree ... done
searching for centerline loops ... done
calculating station coordinates ... done
processing survey data ... 
####################### cavern log file ########################
 1> Survex 1.4.17
 2> Copyright ¸ 1990-2025 Olly Betts
 3> 
 4> La topographie contient 12 stations, connect‚es par 11 vis‚es.
 5> Il y a 0 bouclages.
 6> Longueur totale de la topographie =   98.68m (  98.68m ajust‚)
 7> Longueur totale en projection horizontale =   20.65m
 8> Longueur totale verticale =   92.93m
 9> Intervalle vertical = 92.93m (de 3 … 2425.00m jusqu'… 4 … 2332.07m)
10> Intervalle Nord-Sud = 10.83m (de 7 … 5094752.21m jusqu'… 12 … 5094741.38m)
11> Intervalle Est-Ouest = 3.61m (de 7 … 321224.55m jusqu'… 4 … 321220.94m)
12> 
######################### transcription ########################
 4> 12 : 8@Gouffre_Chimelle.Gouffre_Chimelle -- 11 : 7@Gouffre_Chimelle.Gouffre_Chimelle
 9> 3 : 9@Gouffre_Chimelle.Gouffre_Chimelle -- 4 : fd@Gouffre_Chimelle.Gouffre_Chimelle
10> 7 : 3@Gouffre_Chimelle.Gouffre_Chimelle -- 12 : 8@Gouffre_Chimelle.Gouffre_Chimelle
11> 7 : 3@Gouffre_Chimelle.Gouffre_Chimelle -- 4 : fd@Gouffre_Chimelle.Gouffre_Chimelle
#################### end of cavern log file ####################
done
calculating basic statistics ... done
processing extended elevation ... done
processing references ... done
selecting export objects ... done
processing projection extended ... done
average distortion: 0.00%


############### export maps & scraps selection #################
M        0 MC-Gouffre_Chimelle@Gouffre_Chimelle (Gouffre de la Chimelle)
S        0 SC-Gouffre_Chimelle@Gouffre_Chimelle ()
########## end of export maps & scraps selection ###############
writing Outputs/Gouffre_Chimelle-coupe.pdf ...
####################### metapost log file ########################
This is MetaPost, version 2.01 (TeX Live 2021/W32TeX) (kpathsea version 6.3.3)  18 JUL 2025 17:31
**data.mp
(c:/Program Files/Therion/texmf/mpost/mpost.mp
(c:/Program Files/Therion/texmf/mpost/plain.mp
Preloading the plain mem file, version 1.005) ) (./data.mp
{randomseed:=42}
 [1] [2] [3] [4]
[5] [6] [7] [8] [9] [10] [11] [12] [13] [14]
[15] [1] [2] [3] [4] (./mptextmp.mp) [5] (./mptextmp.mp) (./mptextmp.mp)
(./mptextmp.mp) (./mptextmp.mp) (./mptextmp.mp) (./mptextmp.mp) [6] [7] [8]
[9] [10] [11] [12] [13] [14] )
 
Here is how much of MetaPost's memory you used:
 2798 strings using 78795 characters
 3834824 bytes of node memory
 1794 symbolic tokens
 9i,82n,16p,423b,5f stack positions out of 16i,98n,20p,487b,6f
29 output files written: data-patt.1 .. data-patt.15


#################### end of metapost log file ####################
converting scraps ... done
making map ... done
######################## pdftex log file #########################
This is pdfTeX, Version 3.141592653-2.6-1.40.22 (TeX Live 2021/W32TeX) (preloaded format=pdfetex 2023.12.2)  18 JUL 2025 17:31
entering extended mode
**data.tex
(./data.tex (./th_enc.tex) (./th_texts.tex) (./th_resources.tex
(c:/Program Files/Therion/texmf/tex/glyphtounicode.tex)) (./th_fontdef.tex{c:/P
rogram Files/Therion/texmf/fonts/pdftex.map})
(./th_formdef.tex) (./th_pagedef.tex
Overfull \hbox (36.98866pt too wide) in paragraph at lines 12--12
[] []|

\hbox(0.0+0.0)x426.79149
.\hbox(0.0+0.0)x0.0
.\glue 36.98866
.\vbox(0.0+0.0)x426.79149, glue set - 2852.65749fil
..\hbox(2852.65749+0.0)x426.79149, glue set 397.68274fil
...\glue 0.0 plus 1.0fil
...\pdfrefxform(2852.65749+0.0)x29.10875
..\glue 0.0 plus 1.0fil minus 1.0fil
.\glue(\rightskip) 0.0
.\rule(*+*)x5.0

(./th_legend.tex) <d:/08 GitHub/Synthese-Flaine-Plate/Data/Gouffre_Chimelle/Out
puts/Gouffre_Chimelle-plan.pdf>) (./th_pages.tex)
 63 numeric registers used out of 32768
 [1] ) 
Here is how much of TeX's memory you used:
 330 strings out of 95671
 4348 string characters out of 1192323
 34911 words of memory out of 1520954
 1723 multiletter control sequences out of 15000+50000
 21229 words of font info for 66 fonts, out of 1000000 for 2000
 844 hyphenation exceptions out of 5000
 13i,5n,8p,1736b,73s stack positions out of 5000i,500n,10000p,200000b,50000s
<c:/Program Files/Therion/texmf/fonts/type1/cmss10.pfb><c:/Program Files/
Therion/texmf/fonts/type1/cmssi10.pfb><c:/Program Files/Therion/texmf/fonts/typ
e1/csss10.pfb><c:/Program Files/Therion/texmf/fonts/type1/csssi10.pfb>
Output written on data.pdf (1 page, 74149 bytes).
PDF statistics:
 102 PDF objects out of 1000 (max. 8388607)
 58 compressed objects within 1 object stream
 0 named destinations out of 1000 (max. 500000)
 144 words of extra memory for PDF output out of 10000 (max. 10000000)


##################### end of pdftex log file #####################
done
processing projection plan ... done
average distortion: 11.00%


############### export maps & scraps selection #################
M  2.4e+03 MP-Gouffre_Chimelle@Gouffre_Chimelle (Gouffre de la Chimelle)
S  2.4e+03 SP-Gouffre_Chimelle@Gouffre_Chimelle ()
########## end of export maps & scraps selection ###############
writing Outputs/Gouffre_Chimelle-plan.pdf ...
####################### metapost log file ########################
This is MetaPost, version 2.01 (TeX Live 2021/W32TeX) (kpathsea version 6.3.3)  18 JUL 2025 17:31
**data.mp
(c:/Program Files/Therion/texmf/mpost/mpost.mp
(c:/Program Files/Therion/texmf/mpost/plain.mp
Preloading the plain mem file, version 1.005) ) (./data.mp
{randomseed:=42}
 [1] [2] [3] [4]
[5] [6] [7] [8] [9] [10] [11] [12] [13] [14]
[15] [1] [2] [3] [4] (./mptextmp.mp) [5] (./mptextmp.mp) (./mptextmp.mp)
(./mptextmp.mp) (./mptextmp.mp) (./mptextmp.mp) (./mptextmp.mp) [6] )
 
Here is how much of MetaPost's memory you used:
 2270 strings using 62565 characters
 3772040 bytes of node memory
 1784 symbolic tokens
 9i,82n,13p,312b,5f stack positions out of 16i,98n,16p,312b,6f
21 output files written: data-patt.1 .. data-patt.15


#################### end of metapost log file ####################
converting scraps ... done
making map ... done
######################## pdftex log file #########################
This is pdfTeX, Version 3.141592653-2.6-1.40.22 (TeX Live 2021/W32TeX) (preloaded format=pdfetex 2023.12.2)  18 JUL 2025 17:31
entering extended mode
**data.tex
(./data.tex (./th_enc.tex) (./th_texts.tex) (./th_resources.tex
(c:/Program Files/Therion/texmf/tex/glyphtounicode.tex)) (./th_fontdef.tex{c:/P
rogram Files/Therion/texmf/fonts/pdftex.map})
(./th_formdef.tex) (./th_pagedef.tex) (./th_pages.tex)
 56 numeric registers used out of 32768
 [1] ) 
Here is how much of TeX's memory you used:
 316 strings out of 95671
 4223 string characters out of 1192323
 27358 words of memory out of 1514401
 1714 multiletter control sequences out of 15000+50000
 16503 words of font info for 54 fonts, out of 1000000 for 2000
 844 hyphenation exceptions out of 5000
 6i,5n,6p,1736b,36s stack positions out of 5000i,500n,10000p,200000b,50000s
<c:/Program Files/Therion/texmf/fonts/type1/cmss10.pfb>
Output written on data.pdf (1 page, 23023 bytes).
PDF statistics:
 44 PDF objects out of 1000 (max. 8388607)
 25 compressed objects within 1 object stream
 0 named destinations out of 1000 (max. 500000)
 101 words of extra memory for PDF output out of 10000 (max. 10000000)


##################### end of pdftex log file #####################
done
writing Outputs/Gouffre_Chimelle.lox .... done
writing Outputs/Gouffre_Chimelle-model.kml ... done
writing Outputs/Gouffre_Chimelle-3D.kml ... done
writing Outputs/Gouffre_Chimelle.html ... done
writing xtherion file ... done
compilation time: 2 sec


###################### scrap distortions #######################
 PROJECTION: plan
 AVERAGE  MAXIMAL  SCRAP
     11%   1e+02%  SP-Gouffre_Chimelle@Gouffre_Chimelle
################### end of scrap distortions ###################


###################### scrap distortions #######################
 PROJECTION: extended
 AVERAGE  MAXIMAL  SCRAP
 0.00048%  0.0041%  SC-Gouffre_Chimelle@Gouffre_Chimelle
################### end of scrap distortions ###################

############# CRS transformations chosen by PROJ ###############
  Area of Use (AoU): (6.692, 45.983) (6.692, 45.983)
  [UTM32 â†’ LONG-LAT] AoU: [yes] transformation: [Inverse of UTM zone 32N + axis order change (2D)] definition: [proj=pipeline step inv proj=utm zone=32 ellps=WGS84 step proj=unitconvert xy_in=rad xy_out=deg] accuracy: [0.000 m]
  [UTM32 â†’ LAT-LONG] AoU: [no] transformation: [Inverse of UTM zone 32N + axis order change (2D)] definition: [proj=pipeline step inv proj=utm zone=32 ellps=WGS84 step proj=unitconvert xy_in=rad xy_out=deg] accuracy: [0.000 m]
  [UTM32 â†’ UTM32] AoU: [yes] transformation: [Inverse of UTM zone 32N + UTM zone 32N] definition: [proj=noop ellps=GRS80] accuracy: [0.000 m]
  [UTM32 â†’ EPSG:4326] AoU: [yes] transformation: [Inverse of UTM zone 32N + axis order change (2D)] definition: [proj=pipeline step inv proj=utm zone=32 ellps=WGS84 step proj=unitconvert xy_in=rad xy_out=deg] accuracy: [0.000 m]
  [EPSG:4326 â†’ UTM32] AoU: [yes] transformation: [axis order change (2D) + UTM zone 32N] definition: [proj=pipeline step proj=unitconvert xy_in=deg xy_out=rad step proj=utm zone=32 ellps=WGS84] accuracy: [0.000 m]
########## end of CRS transformations chosen by PROJ ###########
